<?xml version="1.0" encoding="UTF-8"?>
<!-- Generated by org.testng.reporters.JUnitXMLReporter -->
<testsuite hostname="comp-Lenovo-V110-15ISK" name="webhook" tests="8" failures="0" timestamp="28 Aug 2020 15:26:46 GMT" time="1.039" errors="0">
  <testcase name="@BeforeSuite setup" time="0.0" classname="webhook.GetWebhook">
    <failure type="java.lang.IndexOutOfBoundsException" message="Index: 0, Size: 0">
      <![CDATA[java.lang.IndexOutOfBoundsException: Index: 0, Size: 0
	at java.util.ArrayList.rangeCheck(ArrayList.java:659)
	at java.util.ArrayList.get(ArrayList.java:435)
	at org.openqa.selenium.support.pagefactory.internal.LocatingElementListHandler.invoke(LocatingElementListHandler.java:39)
	at com.sun.proxy.$Proxy18.get(Unknown Source)
	at com.convirza.tests.selenium.scripts.User.createUser(User.java:57)
	at com.convirza.tests.base.TestDataPreparation.createUser(TestDataPreparation.java:115)
	at com.convirza.tests.base.TestDataPreparation.createTestData(TestDataPreparation.java:139)
	at common.BaseClass.setup(BaseClass.java:45)
... Removed 21 stack frames]]>
    </failure>
  </testcase> <!-- @BeforeSuite setup -->
  <testcase name="get_webhook_without_access_token" time="0.0" classname="webhook.GetWebhook">
    <skipped/>
  </testcase> <!-- get_webhook_without_access_token -->
  <testcase name="get_webhook_with_blank_access_token" time="0.001" classname="webhook.GetWebhook">
    <skipped/>
  </testcase> <!-- get_webhook_with_blank_access_token -->
  <testcase name="get_webhook_with_invalid_access_token" time="0.001" classname="webhook.GetWebhook">
    <skipped/>
  </testcase> <!-- get_webhook_with_invalid_access_token -->
  <testcase name="get_webhook_with_expired_access_token" time="0.001" classname="webhook.GetWebhook">
    <skipped/>
  </testcase> <!-- get_webhook_with_expired_access_token -->
  <testcase name="get_webhook_with_valid_access_token" time="0.001" classname="webhook.GetWebhook">
    <skipped/>
  </testcase> <!-- get_webhook_with_valid_access_token -->
  <testcase name="get_webhook_without_passing_ouid_parameter" time="0.0" classname="webhook.GetWebhook">
    <skipped/>
  </testcase> <!-- get_webhook_without_passing_ouid_parameter -->
  <testcase name="get_webhook_with_invalid_ouid_parameter" time="0.0" classname="webhook.GetWebhook">
    <skipped/>
  </testcase> <!-- get_webhook_with_invalid_ouid_parameter -->
  <testcase name="get_webhook_with_ouid_having_no_webhook" time="0.001" classname="webhook.GetWebhook">
    <skipped/>
  </testcase> <!-- get_webhook_with_ouid_having_no_webhook -->
</testsuite> <!-- webhook -->
